0 info it worked if it ends with ok
1 verbose cli [ '/usr/bin/node', '/usr/bin/npm', 'publish' ]
2 info using npm@1.3.24
3 info using node@v0.10.25
4 verbose node symlink /usr/bin/node
5 verbose publish [ '.' ]
6 verbose cache add [ '.', null ]
7 verbose cache add name=undefined spec="." args=[".",null]
8 verbose parsed url { protocol: null,
8 verbose parsed url   slashes: null,
8 verbose parsed url   auth: null,
8 verbose parsed url   host: null,
8 verbose parsed url   port: null,
8 verbose parsed url   hostname: null,
8 verbose parsed url   hash: null,
8 verbose parsed url   search: null,
8 verbose parsed url   query: null,
8 verbose parsed url   pathname: '.',
8 verbose parsed url   path: '.',
8 verbose parsed url   href: '.' }
9 silly lockFile 3a52ce78- .
10 verbose lock . /home/bozso/.npm/3a52ce78-.lock
11 verbose tar pack [ '/home/bozso/tmp/npm-4914-dTg1zeJv/1397465452823-0.13239514827728271/tmp.tgz',
11 verbose tar pack   '.' ]
12 verbose tarball /home/bozso/tmp/npm-4914-dTg1zeJv/1397465452823-0.13239514827728271/tmp.tgz
13 verbose folder .
14 info prepublish edm-mongohandler@0.0.0
15 silly lockFile 1f1177db-tar tar://.
16 verbose lock tar://. /home/bozso/.npm/1f1177db-tar.lock
17 silly lockFile d1f6b729-2823-0-13239514827728271-tmp-tgz tar:///home/bozso/tmp/npm-4914-dTg1zeJv/1397465452823-0.13239514827728271/tmp.tgz
18 verbose lock tar:///home/bozso/tmp/npm-4914-dTg1zeJv/1397465452823-0.13239514827728271/tmp.tgz /home/bozso/.npm/d1f6b729-2823-0-13239514827728271-tmp-tgz.lock
19 silly lockFile 1f1177db-tar tar://.
20 silly lockFile 1f1177db-tar tar://.
21 silly lockFile d1f6b729-2823-0-13239514827728271-tmp-tgz tar:///home/bozso/tmp/npm-4914-dTg1zeJv/1397465452823-0.13239514827728271/tmp.tgz
22 silly lockFile d1f6b729-2823-0-13239514827728271-tmp-tgz tar:///home/bozso/tmp/npm-4914-dTg1zeJv/1397465452823-0.13239514827728271/tmp.tgz
23 verbose tar unpack /home/bozso/tmp/npm-4914-dTg1zeJv/1397465452823-0.13239514827728271/tmp.tgz
24 silly lockFile 8a87699a-2823-0-13239514827728271-package tar:///home/bozso/tmp/npm-4914-dTg1zeJv/1397465452823-0.13239514827728271/package
25 verbose lock tar:///home/bozso/tmp/npm-4914-dTg1zeJv/1397465452823-0.13239514827728271/package /home/bozso/.npm/8a87699a-2823-0-13239514827728271-package.lock
26 silly lockFile d1f6b729-2823-0-13239514827728271-tmp-tgz tar:///home/bozso/tmp/npm-4914-dTg1zeJv/1397465452823-0.13239514827728271/tmp.tgz
27 verbose lock tar:///home/bozso/tmp/npm-4914-dTg1zeJv/1397465452823-0.13239514827728271/tmp.tgz /home/bozso/.npm/d1f6b729-2823-0-13239514827728271-tmp-tgz.lock
28 silly gunzTarPerm modes [ '755', '644' ]
29 silly gunzTarPerm extractEntry package.json
30 silly gunzTarPerm extractEntry README.md
31 silly gunzTarPerm extractEntry index.js
32 silly gunzTarPerm extractEntry lib/MongoHandler.js
33 silly gunzTarPerm extractEntry models/log.js
34 silly lockFile 8a87699a-2823-0-13239514827728271-package tar:///home/bozso/tmp/npm-4914-dTg1zeJv/1397465452823-0.13239514827728271/package
35 silly lockFile 8a87699a-2823-0-13239514827728271-package tar:///home/bozso/tmp/npm-4914-dTg1zeJv/1397465452823-0.13239514827728271/package
36 silly lockFile d1f6b729-2823-0-13239514827728271-tmp-tgz tar:///home/bozso/tmp/npm-4914-dTg1zeJv/1397465452823-0.13239514827728271/tmp.tgz
37 silly lockFile d1f6b729-2823-0-13239514827728271-tmp-tgz tar:///home/bozso/tmp/npm-4914-dTg1zeJv/1397465452823-0.13239514827728271/tmp.tgz
38 verbose tar pack [ '/home/bozso/.npm/edm-mongohandler/0.0.0/package.tgz',
38 verbose tar pack   '/home/bozso/tmp/npm-4914-dTg1zeJv/1397465452823-0.13239514827728271/package' ]
39 verbose tarball /home/bozso/.npm/edm-mongohandler/0.0.0/package.tgz
40 verbose folder /home/bozso/tmp/npm-4914-dTg1zeJv/1397465452823-0.13239514827728271/package
41 silly lockFile 8a87699a-2823-0-13239514827728271-package tar:///home/bozso/tmp/npm-4914-dTg1zeJv/1397465452823-0.13239514827728271/package
42 verbose lock tar:///home/bozso/tmp/npm-4914-dTg1zeJv/1397465452823-0.13239514827728271/package /home/bozso/.npm/8a87699a-2823-0-13239514827728271-package.lock
43 silly lockFile 440751e0-m-mongohandler-0-0-0-package-tgz tar:///home/bozso/.npm/edm-mongohandler/0.0.0/package.tgz
44 verbose lock tar:///home/bozso/.npm/edm-mongohandler/0.0.0/package.tgz /home/bozso/.npm/440751e0-m-mongohandler-0-0-0-package-tgz.lock
45 silly lockFile 8a87699a-2823-0-13239514827728271-package tar:///home/bozso/tmp/npm-4914-dTg1zeJv/1397465452823-0.13239514827728271/package
46 silly lockFile 8a87699a-2823-0-13239514827728271-package tar:///home/bozso/tmp/npm-4914-dTg1zeJv/1397465452823-0.13239514827728271/package
47 silly lockFile 440751e0-m-mongohandler-0-0-0-package-tgz tar:///home/bozso/.npm/edm-mongohandler/0.0.0/package.tgz
48 silly lockFile 440751e0-m-mongohandler-0-0-0-package-tgz tar:///home/bozso/.npm/edm-mongohandler/0.0.0/package.tgz
49 silly lockFile 6aa0debe-m-edm-mongohandler-0-0-0-package /home/bozso/.npm/edm-mongohandler/0.0.0/package
50 verbose lock /home/bozso/.npm/edm-mongohandler/0.0.0/package /home/bozso/.npm/6aa0debe-m-edm-mongohandler-0-0-0-package.lock
51 silly lockFile 6aa0debe-m-edm-mongohandler-0-0-0-package /home/bozso/.npm/edm-mongohandler/0.0.0/package
52 silly lockFile 6aa0debe-m-edm-mongohandler-0-0-0-package /home/bozso/.npm/edm-mongohandler/0.0.0/package
53 verbose tar unpack /home/bozso/.npm/edm-mongohandler/0.0.0/package.tgz
54 silly lockFile 8726ef0e-m-edm-mongohandler-0-0-0-package tar:///home/bozso/.npm/edm-mongohandler/0.0.0/package
55 verbose lock tar:///home/bozso/.npm/edm-mongohandler/0.0.0/package /home/bozso/.npm/8726ef0e-m-edm-mongohandler-0-0-0-package.lock
56 silly lockFile 440751e0-m-mongohandler-0-0-0-package-tgz tar:///home/bozso/.npm/edm-mongohandler/0.0.0/package.tgz
57 verbose lock tar:///home/bozso/.npm/edm-mongohandler/0.0.0/package.tgz /home/bozso/.npm/440751e0-m-mongohandler-0-0-0-package-tgz.lock
58 silly gunzTarPerm modes [ '755', '644' ]
59 silly gunzTarPerm extractEntry package.json
60 silly gunzTarPerm extractEntry README.md
61 silly gunzTarPerm extractEntry index.js
62 silly gunzTarPerm extractEntry lib/MongoHandler.js
63 silly gunzTarPerm extractEntry models/log.js
64 silly lockFile 8726ef0e-m-edm-mongohandler-0-0-0-package tar:///home/bozso/.npm/edm-mongohandler/0.0.0/package
65 silly lockFile 8726ef0e-m-edm-mongohandler-0-0-0-package tar:///home/bozso/.npm/edm-mongohandler/0.0.0/package
66 silly lockFile 440751e0-m-mongohandler-0-0-0-package-tgz tar:///home/bozso/.npm/edm-mongohandler/0.0.0/package.tgz
67 silly lockFile 440751e0-m-mongohandler-0-0-0-package-tgz tar:///home/bozso/.npm/edm-mongohandler/0.0.0/package.tgz
68 verbose chmod /home/bozso/.npm/edm-mongohandler/0.0.0/package.tgz 644
69 verbose chown /home/bozso/.npm/edm-mongohandler/0.0.0/package.tgz [ 1000, 1000 ]
70 silly lockFile 3a52ce78- .
71 silly lockFile 3a52ce78- .
72 silly publish { name: 'edm-mongohandler',
72 silly publish   version: '0.0.0',
72 silly publish   description: 'EDMdesigner\'s MongoHandler used in multiple projects.',
72 silly publish   main: 'index.js',
72 silly publish   scripts: { test: 'echo "Error: no test specified" && exit 1' },
72 silly publish   repository:
72 silly publish    { type: 'git',
72 silly publish      url: 'https://github.com/EDMdesigner/EDM-MongoHandler.git' },
72 silly publish   author: { name: 'EDMdesigner' },
72 silly publish   license: 'MIT',
72 silly publish   bugs: { url: 'https://github.com/EDMdesigner/EDM-MongoHandler/issues' },
72 silly publish   dependencies: { mongoose: '', async: '', 'edm-errorlogger': '' },
72 silly publish   homepage: 'https://github.com/EDMdesigner/EDM-MongoHandler',
72 silly publish   readme: 'EDM-MongoHandler\n================\n',
72 silly publish   readmeFilename: 'README.md',
72 silly publish   _id: 'edm-mongohandler@0.0.0',
72 silly publish   dist: { shasum: '2a1f641c146c16878ecb12bcec5c8c4416806096' },
72 silly publish   _from: '.' }
73 verbose url raw edm-mongohandler
74 verbose url resolving [ 'https://registry.npmjs.org/', './edm-mongohandler' ]
75 verbose url resolved https://registry.npmjs.org/edm-mongohandler
76 info trying registry request attempt 1 at 10:50:53
77 http PUT https://registry.npmjs.org/edm-mongohandler
78 http 403 https://registry.npmjs.org/edm-mongohandler
79 info trying registry request attempt 1 at 10:50:55
80 http PUT https://registry.npmjs.org/edm-mongohandler
81 http 403 https://registry.npmjs.org/edm-mongohandler
82 error publish Failed PUT 403
83 error Error: forbidden cannot modify pre-existing version: 0.0.0
83 error old={"name":"edm-mongohandler","version":"0.0.0","description":"EDMdesigner's MongoHandler used in multiple projects.","main":"index.js","scripts":{"test":"echo \"Error: no test specified\" && exit 1"},"repository":{"type":"git","url":"https://github.com/EDMdesigner/EDM-MongoHandler.git"},"author":{"name":"EDMdesigner"},"license":"MIT","bugs":{"url":"https://github.com/EDMdesigner/EDM-MongoHandler/issues"},"dependencies":{"mongoose":"","async":"","edm-errorlogger":""},"homepage":"https://github.com/EDMdesigner/EDM-MongoHandler","_id":"edm-mongohandler@0.0.0","dist":{"shasum":"27445f3b23727a312be4596a5596e71257eb4e78","tarball":"http://registry.npmjs.org/edm-mongohandler/-/edm-mongohandler-0.0.0.tgz"},"_from":".","_npmVersion":"1.4.4","_npmUser":{"name":"gyulanemeth","email":"gyula.nemeth85@gmail.com"},"maintainers":[{"name":"gyulanemeth","email":"gyula.nemeth85@gmail.com"}]}
83 error new={"name":"edm-mongohandler","version":"0.0.0","description":"EDMdesigner's MongoHandler used in multiple projects.","main":"index.js","scripts":{"test":"echo \"Error: no test specified\" && exit 1"},"repository":{"type":"git","url":"https://github.com/EDMdesigner/EDM-MongoHandler.git"},"author":{"name":"EDMdesigner"},"license":"MIT","bugs":{"url":"https://github.com/EDMdesigner/EDM-MongoHandler/issues"},"dependencies":{"mongoose":"","async":"","edm-errorlogger":""},"homepage":"https://github.com/EDMdesigner/EDM-MongoHandler","readme":"EDM-MongoHandler\u000a================\u000a","readmeFilename":"README.md","_id":"edm-mongohandler@0.0.0","dist":{"shasum":"2a1f641c146c16878ecb12bcec5c8c4416806096","tarball":"http://registry.npmjs.org/edm-mongohandler/-/edm-mongohandler-0.0.0.tgz"},"_from":".","_npmVersion":"1.3.24","_npmUser":{"name":"bozba","email":"balint@edmdesigner.com"},"maintainers":[{"name":"bozba","email":"balint@edmdesigner.com"}]}: edm-mongohandler
83 error     at RegClient.<anonymous> (/usr/lib/node_modules/npm/node_modules/npm-registry-client/lib/request.js:275:14)
83 error     at Request.self.callback (/usr/lib/node_modules/npm/node_modules/request/request.js:123:22)
83 error     at Request.EventEmitter.emit (events.js:98:17)
83 error     at Request.<anonymous> (/usr/lib/node_modules/npm/node_modules/request/request.js:893:14)
83 error     at Request.EventEmitter.emit (events.js:117:20)
83 error     at IncomingMessage.<anonymous> (/usr/lib/node_modules/npm/node_modules/request/request.js:844:12)
83 error     at IncomingMessage.EventEmitter.emit (events.js:117:20)
83 error     at _stream_readable.js:920:16
83 error     at process._tickCallback (node.js:415:13)
84 error If you need help, you may report this *entire* log,
84 error including the npm and node versions, at:
84 error     <http://github.com/isaacs/npm/issues>
85 error System Linux 3.11.0-15-generic
86 error command "/usr/bin/node" "/usr/bin/npm" "publish"
87 error cwd /home/bozso/Project/MongoHandler/EDM-MongoHandler
88 error node -v v0.10.25
89 error npm -v 1.3.24
90 verbose exit [ 1, true ]
